{
  "RSpec": {
    "coverage": {
      "/Users/vidoseaver/turing/4/final/lockbox/config/environment.rb": [
        null,
        1,
        null,
        null,
        1
      ],
      "/Users/vidoseaver/turing/4/final/lockbox/config/application.rb": [
        1,
        null,
        1,
        null,
        1,
        1,
        1,
        1,
        1,
        1,
        1,
        1,
        null,
        null,
        null,
        null,
        1,
        null,
        1,
        1,
        1,
        1,
        1,
        1,
        null,
        null,
        null,
        null
      ],
      "/Users/vidoseaver/turing/4/final/lockbox/config/boot.rb": [
        1,
        null,
        1
      ],
      "/Users/vidoseaver/turing/4/final/lockbox/config/environments/test.rb": [
        1,
        null,
        null,
        null,
        null,
        null,
        null,
        1,
        null,
        null,
        null,
        null,
        1,
        null,
        null,
        1,
        1,
        null,
        null,
        null,
        null,
        1,
        1,
        null,
        null,
        1,
        null,
        null,
        1,
        1,
        null,
        null,
        null,
        null,
        1,
        null,
        null,
        1,
        null,
        null,
        null,
        null
      ],
      "/Users/vidoseaver/turing/4/final/lockbox/config/initializers/application_controller_renderer.rb": [
        null,
        null,
        null,
        null,
        null,
        null
      ],
      "/Users/vidoseaver/turing/4/final/lockbox/config/initializers/assets.rb": [
        null,
        null,
        null,
        1,
        null,
        null,
        null,
        null,
        null,
        null,
        null
      ],
      "/Users/vidoseaver/turing/4/final/lockbox/config/initializers/backtrace_silencers.rb": [
        null,
        null,
        null,
        null,
        null,
        null,
        null
      ],
      "/Users/vidoseaver/turing/4/final/lockbox/config/initializers/cookies_serializer.rb": [
        null,
        null,
        null,
        null,
        1
      ],
      "/Users/vidoseaver/turing/4/final/lockbox/config/initializers/filter_parameter_logging.rb": [
        null,
        null,
        null,
        1
      ],
      "/Users/vidoseaver/turing/4/final/lockbox/config/initializers/inflections.rb": [
        null,
        null,
        null,
        null,
        null,
        null,
        null,
        null,
        null,
        null,
        null,
        null,
        null,
        null,
        null,
        null
      ],
      "/Users/vidoseaver/turing/4/final/lockbox/config/initializers/mime_types.rb": [
        null,
        null,
        null,
        null
      ],
      "/Users/vidoseaver/turing/4/final/lockbox/config/initializers/new_framework_defaults.rb": [
        null,
        null,
        null,
        null,
        null,
        null,
        null,
        1,
        null,
        null,
        1,
        null,
        null,
        null,
        1,
        null,
        null,
        1,
        null,
        null,
        1,
        null,
        null,
        1
      ],
      "/Users/vidoseaver/turing/4/final/lockbox/config/initializers/session_store.rb": [
        null,
        null,
        1
      ],
      "/Users/vidoseaver/turing/4/final/lockbox/config/initializers/wrap_parameters.rb": [
        null,
        null,
        null,
        null,
        null,
        null,
        1,
        2,
        null,
        null,
        null,
        null,
        null,
        null
      ],
      "/Users/vidoseaver/turing/4/final/lockbox/config/routes.rb": [
        1,
        null,
        null,
        null,
        1,
        1,
        1,
        1,
        null,
        1,
        1,
        1,
        1,
        null,
        null,
        null,
        null,
        null,
        null,
        null,
        null
      ],
      "/Users/vidoseaver/turing/4/final/lockbox/app/helpers/application_helper.rb": [
        1,
        null
      ],
      "/Users/vidoseaver/turing/4/final/lockbox/app/models/link.rb": [
        1,
        1,
        1,
        null,
        1,
        6,
        6,
        null,
        null,
        1,
        2,
        2,
        28,
        22,
        null,
        null
      ],
      "/Users/vidoseaver/turing/4/final/lockbox/app/models/application_record.rb": [
        1,
        1,
        null
      ],
      "/Users/vidoseaver/turing/4/final/lockbox/app/models/user.rb": [
        1,
        1,
        1,
        1,
        null,
        null
      ],
      "/Users/vidoseaver/turing/4/final/lockbox/app/controllers/users_controller.rb": [
        1,
        1,
        5,
        null,
        null,
        1,
        3,
        3,
        2,
        1,
        1,
        null,
        null,
        null,
        1,
        1,
        6,
        null,
        null,
        1,
        3,
        null,
        null,
        1,
        1,
        1,
        null,
        null,
        1,
        1,
        1,
        null,
        null,
        null,
        null
      ],
      "/Users/vidoseaver/turing/4/final/lockbox/app/controllers/application_controller.rb": [
        1,
        1,
        null,
        1,
        null,
        1,
        16,
        null,
        null,
        1,
        22,
        null,
        null
      ],
      "/Users/vidoseaver/turing/4/final/lockbox/app/controllers/links_controller.rb": [
        1,
        1,
        11,
        11,
        null,
        null,
        1,
        0,
        null,
        null,
        1,
        4,
        3,
        2,
        2,
        2,
        null,
        null,
        null,
        1,
        0,
        0,
        0,
        0,
        0,
        0,
        null,
        null,
        1,
        null,
        1,
        9,
        null,
        null,
        1,
        1,
        1,
        null,
        null,
        1,
        1,
        1,
        null,
        null,
        1,
        3,
        null,
        null
      ],
      "/Users/vidoseaver/turing/4/final/lockbox/app/controllers/sessions_controller.rb": [
        1,
        1,
        null,
        1,
        null,
        null,
        1,
        3,
        2,
        1,
        1,
        1,
        null,
        null,
        1,
        1,
        1,
        1,
        null,
        null,
        1,
        1,
        1,
        1,
        null,
        null,
        1,
        1,
        1,
        null,
        null
      ]
    },
    "timestamp": 1488245278
  }
}
